2020/07/27 17:00:49 qq-bot-ref 1.0 starting...
2020/07/27 17:00:49 config: config default.json loaded
2020/07/27 17:00:51 view: error when mirai auth
2020/07/27 17:00:51 Post http://127.0.0.1:30000/auth: dial tcp 127.0.0.1:30000: connectex: No connection could be made because the target machine actively refused it.
2020/07/27 17:01:53 qq-bot-ref 1.0 starting...
2020/07/27 17:01:53 config: config default.json loaded
2020/07/27 17:01:53 config: locale default.json loaded
2020/07/27 17:37:15 qq-bot-ref 1.0 starting...
2020/07/27 17:37:15 config: config default.json loaded
2020/07/27 17:37:15 config: locale default.json loaded
2020/07/27 17:38:12 view: INTERRUPT
2020/07/28 03:17:38 qq-bot-ref 1.0 starting...
2020/07/28 03:17:38 config: config default.json loaded
2020/07/28 03:17:38 config: locale default.json loaded
2020/07/28 03:19:38 qq-bot-ref 1.0 starting...
2020/07/28 03:19:38 config: config default.json loaded
2020/07/28 03:19:38 config: locale default.json loaded
2020/07/28 03:19:41 view: error when send message to 0
2020/07/28 03:19:41 发送消息目标不存在(指定对象不存在)
2020/07/28 03:20:20 qq-bot-ref 1.0 starting...
2020/07/28 03:20:20 config: config default.json loaded
2020/07/28 03:20:20 config: locale default.json loaded
2020/07/28 03:20:48 view: error when send message to 0
2020/07/28 03:20:48 发送消息目标不存在(指定对象不存在)
2020/07/28 03:21:36 qq-bot-ref 1.0 starting...
2020/07/28 03:21:36 config: config default.json loaded
2020/07/28 03:21:36 config: locale default.json loaded
2020/07/28 03:23:12 qq-bot-ref 1.0 starting...
2020/07/28 03:23:12 config: config default.json loaded
2020/07/28 03:23:12 config: locale default.json loaded
2020/07/28 03:35:54 qq-bot-ref 1.0 starting...
2020/07/28 03:35:54 config: config default.json loaded
2020/07/28 03:35:54 config: locale default.json loaded
2020/07/28 03:37:44 qq-bot-ref 1.0 starting...
2020/07/28 03:37:44 config: config default.json loaded
2020/07/28 03:37:44 config: locale default.json loaded
2020/07/28 03:39:52 qq-bot-ref 1.0 starting...
2020/07/28 03:39:52 config: config default.json loaded
2020/07/28 03:39:52 config: locale default.json loaded
2020/07/28 03:41:20 qq-bot-ref 1.0 starting...
2020/07/28 03:41:20 config: config default.json loaded
2020/07/28 03:41:20 config: locale default.json loaded
2020/07/28 03:44:21 qq-bot-ref 1.0 starting...
2020/07/28 03:44:21 config: config default.json loaded
2020/07/28 03:44:21 config: locale default.json loaded
2020/07/28 03:46:32 qq-bot-ref 1.0 starting...
2020/07/28 03:46:32 config: config default.json loaded
2020/07/28 03:46:32 config: locale default.json loaded
2020/07/28 03:48:09 qq-bot-ref 1.0 starting...
2020/07/28 03:48:09 config: config default.json loaded
2020/07/28 03:48:09 config: locale default.json loaded
2020/07/28 03:58:23 config: config default.json loaded
2020/07/28 03:58:23 config: locale default.json loaded
2020/07/28 03:59:16 config: config default.json loaded
2020/07/28 03:59:16 config: locale default.json loaded
time="2020-07-28T03:59:16+08:00" level=info msg=Authed client=default
time="2020-07-28T03:59:16+08:00" level=info msg=Verified client=default
time="2020-07-28T03:59:31+08:00" level=info msg="Send FriendMessage to 780768723" client=default qq=3067018105
time="2020-07-28T03:59:39+08:00" level=info msg="Send FriendMessage to 780768723" client=default qq=3067018105
time="2020-07-28T03:59:42+08:00" level=info msg="Send FriendMessage to 780768723" client=default qq=3067018105
time="2020-07-28T03:59:44+08:00" level=info msg="Send FriendMessage to 780768723" client=default qq=3067018105
time="2020-07-28T03:59:45+08:00" level=info msg="Send FriendMessage to 780768723" client=default qq=3067018105
time="2020-07-28T03:59:48+08:00" level=info msg="Send FriendMessage to 780768723" client=default qq=3067018105
time="2020-07-28T04:00:16+08:00" level=info msg="Send FriendMessage to 780768723" client=default qq=3067018105
time="2020-07-28T04:00:23+08:00" level=info msg="Send FriendMessage to 780768723" client=default qq=3067018105
